2019-10-14 16:13:55.285  INFO 19012 --- [main] c.a.t.g.GtAssessmentApplication          : Starting GtAssessmentApplication on DESKTOP-DH75T9G with PID 19012 (C:\Users\tapss\OneDrive\Documents\Projects\gt-assessment\target\classes started by tapss in C:\Users\tapss\OneDrive\Documents\Projects\gt-assessment)
2019-10-14 16:13:55.287  INFO 19012 --- [main] c.a.t.g.GtAssessmentApplication          : No active profile set, falling back to default profiles: default
2019-10-14 16:13:55.997  INFO 19012 --- [main] .s.d.r.c.RepositoryConfigurationDelegate : Bootstrapping Spring Data repositories in DEFAULT mode.
2019-10-14 16:13:56.074  INFO 19012 --- [main] .s.d.r.c.RepositoryConfigurationDelegate : Finished Spring Data repository scanning in 62ms. Found 1 repository interfaces.
2019-10-14 16:13:56.677  INFO 19012 --- [main] trationDelegate$BeanPostProcessorChecker : Bean 'org.springframework.transaction.annotation.ProxyTransactionManagementConfiguration' of type [org.springframework.transaction.annotation.ProxyTransactionManagementConfiguration$$EnhancerBySpringCGLIB$$8c737d0b] is not eligible for getting processed by all BeanPostProcessors (for example: not eligible for auto-proxying)
2019-10-14 16:13:56.969  INFO 19012 --- [main] o.s.b.w.embedded.tomcat.TomcatWebServer  : Tomcat initialized with port(s): 8088 (http)
2019-10-14 16:13:57.015  INFO 19012 --- [main] o.apache.catalina.core.StandardService   : Starting service [Tomcat]
2019-10-14 16:13:57.015  INFO 19012 --- [main] org.apache.catalina.core.StandardEngine  : Starting Servlet engine: [Apache Tomcat/9.0.26]
2019-10-14 16:13:57.157  INFO 19012 --- [main] o.a.c.c.C.[Tomcat].[localhost].[/]       : Initializing Spring embedded WebApplicationContext
2019-10-14 16:13:57.157  INFO 19012 --- [main] o.s.web.context.ContextLoader            : Root WebApplicationContext: initialization completed in 1833 ms
2019-10-14 16:13:57.328  INFO 19012 --- [main] com.zaxxer.hikari.HikariDataSource       : HikariPool-1 - Starting...
2019-10-14 16:13:58.829  INFO 19012 --- [main] com.zaxxer.hikari.HikariDataSource       : HikariPool-1 - Start completed.
2019-10-14 16:14:00.657  INFO 19012 --- [main] j.LocalContainerEntityManagerFactoryBean : Initialized JPA EntityManagerFactory for persistence unit 'default'
2019-10-14 16:14:00.742  WARN 19012 --- [main] ConfigServletWebServerApplicationContext : Exception encountered during context initialization - cancelling refresh attempt: org.springframework.beans.factory.UnsatisfiedDependencyException: Error creating bean with name 'departmentController' defined in file [C:\Users\tapss\OneDrive\Documents\Projects\gt-assessment\target\classes\com\assessment\test\gtassessment\controller\DepartmentController.class]: Unsatisfied dependency expressed through constructor parameter 0; nested exception is org.springframework.beans.factory.NoSuchBeanDefinitionException: No qualifying bean of type 'com.assessment.test.gtassessment.service.DepartmentService' available: expected at least 1 bean which qualifies as autowire candidate. Dependency annotations: {}
2019-10-14 16:14:00.744  INFO 19012 --- [main] j.LocalContainerEntityManagerFactoryBean : Closing JPA EntityManagerFactory for persistence unit 'default'
2019-10-14 16:14:00.752  INFO 19012 --- [main] com.zaxxer.hikari.HikariDataSource       : HikariPool-1 - Shutdown initiated...
2019-10-14 16:14:00.786  INFO 19012 --- [main] com.zaxxer.hikari.HikariDataSource       : HikariPool-1 - Shutdown completed.
2019-10-14 16:14:00.790  INFO 19012 --- [main] o.apache.catalina.core.StandardService   : Stopping service [Tomcat]
2019-10-14 16:14:00.813  INFO 19012 --- [main] ConditionEvaluationReportLoggingListener : 

Error starting ApplicationContext. To display the conditions report re-run your application with 'debug' enabled.
2019-10-14 16:14:00.957 ERROR 19012 --- [main] o.s.b.d.LoggingFailureAnalysisReporter   : 

***************************
APPLICATION FAILED TO START
***************************

Description:

Parameter 0 of constructor in com.assessment.test.gtassessment.controller.DepartmentController required a bean of type 'com.assessment.test.gtassessment.service.DepartmentService' that could not be found.


Action:

Consider defining a bean of type 'com.assessment.test.gtassessment.service.DepartmentService' in your configuration.

2019-10-14 16:15:15.833  INFO 25656 --- [main] c.a.t.g.GtAssessmentApplication          : Starting GtAssessmentApplication on DESKTOP-DH75T9G with PID 25656 (C:\Users\tapss\OneDrive\Documents\Projects\gt-assessment\target\classes started by tapss in C:\Users\tapss\OneDrive\Documents\Projects\gt-assessment)
2019-10-14 16:15:15.835  INFO 25656 --- [main] c.a.t.g.GtAssessmentApplication          : No active profile set, falling back to default profiles: default
2019-10-14 16:15:16.508  INFO 25656 --- [main] .s.d.r.c.RepositoryConfigurationDelegate : Bootstrapping Spring Data repositories in DEFAULT mode.
2019-10-14 16:15:16.697  INFO 25656 --- [main] .s.d.r.c.RepositoryConfigurationDelegate : Finished Spring Data repository scanning in 170ms. Found 1 repository interfaces.
2019-10-14 16:15:17.214  INFO 25656 --- [main] trationDelegate$BeanPostProcessorChecker : Bean 'org.springframework.transaction.annotation.ProxyTransactionManagementConfiguration' of type [org.springframework.transaction.annotation.ProxyTransactionManagementConfiguration$$EnhancerBySpringCGLIB$$c965fe29] is not eligible for getting processed by all BeanPostProcessors (for example: not eligible for auto-proxying)
2019-10-14 16:15:17.676  INFO 25656 --- [main] o.s.b.w.embedded.tomcat.TomcatWebServer  : Tomcat initialized with port(s): 8080 (http)
2019-10-14 16:15:17.731  INFO 25656 --- [main] o.apache.catalina.core.StandardService   : Starting service [Tomcat]
2019-10-14 16:15:17.733  INFO 25656 --- [main] org.apache.catalina.core.StandardEngine  : Starting Servlet engine: [Apache Tomcat/9.0.26]
2019-10-14 16:15:18.008  INFO 25656 --- [main] o.a.c.c.C.[Tomcat].[localhost].[/]       : Initializing Spring embedded WebApplicationContext
2019-10-14 16:15:18.012  INFO 25656 --- [main] o.s.web.context.ContextLoader            : Root WebApplicationContext: initialization completed in 2139 ms
2019-10-14 16:15:18.345  INFO 25656 --- [main] com.zaxxer.hikari.HikariDataSource       : HikariPool-1 - Starting...
2019-10-14 16:15:19.491  INFO 25656 --- [main] com.zaxxer.hikari.HikariDataSource       : HikariPool-1 - Start completed.
2019-10-14 16:15:21.016  INFO 25656 --- [main] j.LocalContainerEntityManagerFactoryBean : Initialized JPA EntityManagerFactory for persistence unit 'default'
2019-10-14 16:15:21.095  WARN 25656 --- [main] ConfigServletWebServerApplicationContext : Exception encountered during context initialization - cancelling refresh attempt: org.springframework.beans.factory.UnsatisfiedDependencyException: Error creating bean with name 'departmentController' defined in file [C:\Users\tapss\OneDrive\Documents\Projects\gt-assessment\target\classes\com\assessment\test\gtassessment\controller\DepartmentController.class]: Unsatisfied dependency expressed through constructor parameter 0; nested exception is org.springframework.beans.factory.NoSuchBeanDefinitionException: No qualifying bean of type 'com.assessment.test.gtassessment.service.DepartmentService' available: expected at least 1 bean which qualifies as autowire candidate. Dependency annotations: {}
2019-10-14 16:15:21.097  INFO 25656 --- [main] j.LocalContainerEntityManagerFactoryBean : Closing JPA EntityManagerFactory for persistence unit 'default'
2019-10-14 16:15:21.106  INFO 25656 --- [main] com.zaxxer.hikari.HikariDataSource       : HikariPool-1 - Shutdown initiated...
2019-10-14 16:15:21.139  INFO 25656 --- [main] com.zaxxer.hikari.HikariDataSource       : HikariPool-1 - Shutdown completed.
2019-10-14 16:15:21.144  INFO 25656 --- [main] o.apache.catalina.core.StandardService   : Stopping service [Tomcat]
2019-10-14 16:15:21.175  INFO 25656 --- [main] ConditionEvaluationReportLoggingListener : 

Error starting ApplicationContext. To display the conditions report re-run your application with 'debug' enabled.
2019-10-14 16:15:21.463 ERROR 25656 --- [main] o.s.b.d.LoggingFailureAnalysisReporter   : 

***************************
APPLICATION FAILED TO START
***************************

Description:

Parameter 0 of constructor in com.assessment.test.gtassessment.controller.DepartmentController required a bean of type 'com.assessment.test.gtassessment.service.DepartmentService' that could not be found.


Action:

Consider defining a bean of type 'com.assessment.test.gtassessment.service.DepartmentService' in your configuration.

2019-10-14 16:24:09.414  INFO 18060 --- [main] c.a.t.g.GtAssessmentApplication          : Starting GtAssessmentApplication on DESKTOP-DH75T9G with PID 18060 (C:\Users\tapss\OneDrive\Documents\Projects\gt-assessment\target\classes started by tapss in C:\Users\tapss\OneDrive\Documents\Projects\gt-assessment)
2019-10-14 16:24:09.416  INFO 18060 --- [main] c.a.t.g.GtAssessmentApplication          : No active profile set, falling back to default profiles: default
2019-10-14 16:24:10.097  INFO 18060 --- [main] .s.d.r.c.RepositoryConfigurationDelegate : Bootstrapping Spring Data repositories in DEFAULT mode.
2019-10-14 16:24:10.237  INFO 18060 --- [main] .s.d.r.c.RepositoryConfigurationDelegate : Finished Spring Data repository scanning in 122ms. Found 1 repository interfaces.
2019-10-14 16:24:10.487  INFO 18060 --- [main] trationDelegate$BeanPostProcessorChecker : Bean 'org.springframework.transaction.annotation.ProxyTransactionManagementConfiguration' of type [org.springframework.transaction.annotation.ProxyTransactionManagementConfiguration$$EnhancerBySpringCGLIB$$8c737d0b] is not eligible for getting processed by all BeanPostProcessors (for example: not eligible for auto-proxying)
2019-10-14 16:24:10.682  INFO 18060 --- [main] o.s.b.w.embedded.tomcat.TomcatWebServer  : Tomcat initialized with port(s): 8080 (http)
2019-10-14 16:24:10.707  INFO 18060 --- [main] o.apache.catalina.core.StandardService   : Starting service [Tomcat]
2019-10-14 16:24:10.707  INFO 18060 --- [main] org.apache.catalina.core.StandardEngine  : Starting Servlet engine: [Apache Tomcat/9.0.26]
2019-10-14 16:24:10.887  INFO 18060 --- [main] o.a.c.c.C.[Tomcat].[localhost].[/]       : Initializing Spring embedded WebApplicationContext
2019-10-14 16:24:10.887  INFO 18060 --- [main] o.s.web.context.ContextLoader            : Root WebApplicationContext: initialization completed in 1438 ms
2019-10-14 16:24:11.010  INFO 18060 --- [main] com.zaxxer.hikari.HikariDataSource       : HikariPool-1 - Starting...
2019-10-14 16:24:12.075  INFO 18060 --- [main] com.zaxxer.hikari.HikariDataSource       : HikariPool-1 - Start completed.
2019-10-14 16:24:13.343  INFO 18060 --- [main] j.LocalContainerEntityManagerFactoryBean : Initialized JPA EntityManagerFactory for persistence unit 'default'
2019-10-14 16:24:13.382  WARN 18060 --- [main] ConfigServletWebServerApplicationContext : Exception encountered during context initialization - cancelling refresh attempt: org.springframework.beans.factory.UnsatisfiedDependencyException: Error creating bean with name 'departmentController' defined in file [C:\Users\tapss\OneDrive\Documents\Projects\gt-assessment\target\classes\com\assessment\test\gtassessment\controller\DepartmentController.class]: Unsatisfied dependency expressed through constructor parameter 0; nested exception is org.springframework.beans.factory.NoSuchBeanDefinitionException: No qualifying bean of type 'com.assessment.test.gtassessment.service.DepartmentService' available: expected at least 1 bean which qualifies as autowire candidate. Dependency annotations: {}
2019-10-14 16:24:13.386  INFO 18060 --- [main] j.LocalContainerEntityManagerFactoryBean : Closing JPA EntityManagerFactory for persistence unit 'default'
2019-10-14 16:24:13.392  INFO 18060 --- [main] com.zaxxer.hikari.HikariDataSource       : HikariPool-1 - Shutdown initiated...
2019-10-14 16:24:13.398  INFO 18060 --- [main] com.zaxxer.hikari.HikariDataSource       : HikariPool-1 - Shutdown completed.
2019-10-14 16:24:13.400  INFO 18060 --- [main] o.apache.catalina.core.StandardService   : Stopping service [Tomcat]
2019-10-14 16:24:13.418  INFO 18060 --- [main] ConditionEvaluationReportLoggingListener : 

Error starting ApplicationContext. To display the conditions report re-run your application with 'debug' enabled.
2019-10-14 16:24:13.594 ERROR 18060 --- [main] o.s.b.d.LoggingFailureAnalysisReporter   : 

***************************
APPLICATION FAILED TO START
***************************

Description:

Parameter 0 of constructor in com.assessment.test.gtassessment.controller.DepartmentController required a bean of type 'com.assessment.test.gtassessment.service.DepartmentService' that could not be found.


Action:

Consider defining a bean of type 'com.assessment.test.gtassessment.service.DepartmentService' in your configuration.

2019-10-14 16:28:42.705  INFO 5688 --- [main] c.a.t.g.GtAssessmentApplication          : Starting GtAssessmentApplication on DESKTOP-DH75T9G with PID 5688 (C:\Users\tapss\OneDrive\Documents\Projects\gt-assessment\target\classes started by tapss in C:\Users\tapss\OneDrive\Documents\Projects\gt-assessment)
2019-10-14 16:28:42.707  INFO 5688 --- [main] c.a.t.g.GtAssessmentApplication          : No active profile set, falling back to default profiles: default
2019-10-14 16:28:43.380  INFO 5688 --- [main] .s.d.r.c.RepositoryConfigurationDelegate : Bootstrapping Spring Data repositories in DEFAULT mode.
2019-10-14 16:28:43.542  INFO 5688 --- [main] .s.d.r.c.RepositoryConfigurationDelegate : Finished Spring Data repository scanning in 141ms. Found 1 repository interfaces.
2019-10-14 16:28:43.923  INFO 5688 --- [main] trationDelegate$BeanPostProcessorChecker : Bean 'org.springframework.transaction.annotation.ProxyTransactionManagementConfiguration' of type [org.springframework.transaction.annotation.ProxyTransactionManagementConfiguration$$EnhancerBySpringCGLIB$$90431b82] is not eligible for getting processed by all BeanPostProcessors (for example: not eligible for auto-proxying)
2019-10-14 16:28:44.157  INFO 5688 --- [main] o.s.b.w.embedded.tomcat.TomcatWebServer  : Tomcat initialized with port(s): 8080 (http)
2019-10-14 16:28:44.183  INFO 5688 --- [main] o.apache.catalina.core.StandardService   : Starting service [Tomcat]
2019-10-14 16:28:44.183  INFO 5688 --- [main] org.apache.catalina.core.StandardEngine  : Starting Servlet engine: [Apache Tomcat/9.0.26]
2019-10-14 16:28:44.296  INFO 5688 --- [main] o.a.c.c.C.[Tomcat].[localhost].[/]       : Initializing Spring embedded WebApplicationContext
2019-10-14 16:28:44.296  INFO 5688 --- [main] o.s.web.context.ContextLoader            : Root WebApplicationContext: initialization completed in 1545 ms
2019-10-14 16:28:44.433  INFO 5688 --- [main] com.zaxxer.hikari.HikariDataSource       : HikariPool-1 - Starting...
2019-10-14 16:28:45.335  INFO 5688 --- [main] com.zaxxer.hikari.HikariDataSource       : HikariPool-1 - Start completed.
2019-10-14 16:28:46.484  INFO 5688 --- [main] j.LocalContainerEntityManagerFactoryBean : Initialized JPA EntityManagerFactory for persistence unit 'default'
2019-10-14 16:28:47.166  INFO 5688 --- [main] o.s.s.concurrent.ThreadPoolTaskExecutor  : Initializing ExecutorService 'applicationTaskExecutor'
2019-10-14 16:28:47.220  WARN 5688 --- [main] aWebConfiguration$JpaWebMvcConfiguration : spring.jpa.open-in-view is enabled by default. Therefore, database queries may be performed during view rendering. Explicitly configure spring.jpa.open-in-view to disable this warning
2019-10-14 16:28:47.605 ERROR 5688 --- [main] org.apache.catalina.util.LifecycleBase   : Failed to start component [Connector[HTTP/1.1-8080]]

org.apache.catalina.LifecycleException: Protocol handler start failed
	at org.apache.catalina.connector.Connector.startInternal(Connector.java:1008) ~[tomcat-embed-core-9.0.26.jar:9.0.26]
	at org.apache.catalina.util.LifecycleBase.start(LifecycleBase.java:183) ~[tomcat-embed-core-9.0.26.jar:9.0.26]
	at org.apache.catalina.core.StandardService.addConnector(StandardService.java:227) [tomcat-embed-core-9.0.26.jar:9.0.26]
	at org.springframework.boot.web.embedded.tomcat.TomcatWebServer.addPreviouslyRemovedConnectors(TomcatWebServer.java:263) [spring-boot-2.1.9.RELEASE.jar:2.1.9.RELEASE]
	at org.springframework.boot.web.embedded.tomcat.TomcatWebServer.start(TomcatWebServer.java:195) [spring-boot-2.1.9.RELEASE.jar:2.1.9.RELEASE]
	at org.springframework.boot.web.servlet.context.ServletWebServerApplicationContext.startWebServer(ServletWebServerApplicationContext.java:297) [spring-boot-2.1.9.RELEASE.jar:2.1.9.RELEASE]
	at org.springframework.boot.web.servlet.context.ServletWebServerApplicationContext.finishRefresh(ServletWebServerApplicationContext.java:163) [spring-boot-2.1.9.RELEASE.jar:2.1.9.RELEASE]
	at org.springframework.context.support.AbstractApplicationContext.refresh(AbstractApplicationContext.java:552) [spring-context-5.1.10.RELEASE.jar:5.1.10.RELEASE]
	at org.springframework.boot.web.servlet.context.ServletWebServerApplicationContext.refresh(ServletWebServerApplicationContext.java:141) [spring-boot-2.1.9.RELEASE.jar:2.1.9.RELEASE]
	at org.springframework.boot.SpringApplication.refresh(SpringApplication.java:744) [spring-boot-2.1.9.RELEASE.jar:2.1.9.RELEASE]
	at org.springframework.boot.SpringApplication.refreshContext(SpringApplication.java:391) [spring-boot-2.1.9.RELEASE.jar:2.1.9.RELEASE]
	at org.springframework.boot.SpringApplication.run(SpringApplication.java:312) [spring-boot-2.1.9.RELEASE.jar:2.1.9.RELEASE]
	at org.springframework.boot.SpringApplication.run(SpringApplication.java:1215) [spring-boot-2.1.9.RELEASE.jar:2.1.9.RELEASE]
	at org.springframework.boot.SpringApplication.run(SpringApplication.java:1204) [spring-boot-2.1.9.RELEASE.jar:2.1.9.RELEASE]
	at com.assessment.test.gtassessment.GtAssessmentApplication.main(GtAssessmentApplication.java:10) [classes/:na]
Caused by: java.net.BindException: Address already in use: bind
	at sun.nio.ch.Net.bind0(Native Method) ~[na:1.8.0_221]
	at sun.nio.ch.Net.bind(Net.java:433) ~[na:1.8.0_221]
	at sun.nio.ch.Net.bind(Net.java:425) ~[na:1.8.0_221]
	at sun.nio.ch.ServerSocketChannelImpl.bind(ServerSocketChannelImpl.java:223) ~[na:1.8.0_221]
	at sun.nio.ch.ServerSocketAdaptor.bind(ServerSocketAdaptor.java:74) ~[na:1.8.0_221]
	at org.apache.tomcat.util.net.NioEndpoint.initServerSocket(NioEndpoint.java:230) ~[tomcat-embed-core-9.0.26.jar:9.0.26]
	at org.apache.tomcat.util.net.NioEndpoint.bind(NioEndpoint.java:213) ~[tomcat-embed-core-9.0.26.jar:9.0.26]
	at org.apache.tomcat.util.net.AbstractEndpoint.bindWithCleanup(AbstractEndpoint.java:1124) ~[tomcat-embed-core-9.0.26.jar:9.0.26]
	at org.apache.tomcat.util.net.AbstractEndpoint.start(AbstractEndpoint.java:1210) ~[tomcat-embed-core-9.0.26.jar:9.0.26]
	at org.apache.coyote.AbstractProtocol.start(AbstractProtocol.java:585) ~[tomcat-embed-core-9.0.26.jar:9.0.26]
	at org.apache.catalina.connector.Connector.startInternal(Connector.java:1005) ~[tomcat-embed-core-9.0.26.jar:9.0.26]
	... 14 common frames omitted

2019-10-14 16:28:47.617  INFO 5688 --- [main] o.apache.catalina.core.StandardService   : Stopping service [Tomcat]
2019-10-14 16:28:47.635  INFO 5688 --- [main] ConditionEvaluationReportLoggingListener : 

Error starting ApplicationContext. To display the conditions report re-run your application with 'debug' enabled.
2019-10-14 16:28:47.644 ERROR 5688 --- [main] o.s.b.d.LoggingFailureAnalysisReporter   : 

***************************
APPLICATION FAILED TO START
***************************

Description:

The Tomcat connector configured to listen on port 8080 failed to start. The port may already be in use or the connector may be misconfigured.

Action:

Verify the connector's configuration, identify and stop any process that's listening on port 8080, or configure this application to listen on another port.

2019-10-14 16:28:47.651  INFO 5688 --- [main] o.s.s.concurrent.ThreadPoolTaskExecutor  : Shutting down ExecutorService 'applicationTaskExecutor'
2019-10-14 16:28:47.654  INFO 5688 --- [main] j.LocalContainerEntityManagerFactoryBean : Closing JPA EntityManagerFactory for persistence unit 'default'
2019-10-14 16:28:47.659  INFO 5688 --- [main] com.zaxxer.hikari.HikariDataSource       : HikariPool-1 - Shutdown initiated...
2019-10-14 16:28:47.667  INFO 5688 --- [main] com.zaxxer.hikari.HikariDataSource       : HikariPool-1 - Shutdown completed.
2019-10-14 16:29:01.817  INFO 20652 --- [main] c.a.t.g.GtAssessmentApplication          : Starting GtAssessmentApplication on DESKTOP-DH75T9G with PID 20652 (C:\Users\tapss\OneDrive\Documents\Projects\gt-assessment\target\classes started by tapss in C:\Users\tapss\OneDrive\Documents\Projects\gt-assessment)
2019-10-14 16:29:01.820  INFO 20652 --- [main] c.a.t.g.GtAssessmentApplication          : No active profile set, falling back to default profiles: default
2019-10-14 16:29:02.532  INFO 20652 --- [main] .s.d.r.c.RepositoryConfigurationDelegate : Bootstrapping Spring Data repositories in DEFAULT mode.
2019-10-14 16:29:02.696  INFO 20652 --- [main] .s.d.r.c.RepositoryConfigurationDelegate : Finished Spring Data repository scanning in 145ms. Found 1 repository interfaces.
2019-10-14 16:29:03.208  INFO 20652 --- [main] trationDelegate$BeanPostProcessorChecker : Bean 'org.springframework.transaction.annotation.ProxyTransactionManagementConfiguration' of type [org.springframework.transaction.annotation.ProxyTransactionManagementConfiguration$$EnhancerBySpringCGLIB$$7440a9d1] is not eligible for getting processed by all BeanPostProcessors (for example: not eligible for auto-proxying)
2019-10-14 16:29:03.488  INFO 20652 --- [main] o.s.b.w.embedded.tomcat.TomcatWebServer  : Tomcat initialized with port(s): 8085 (http)
2019-10-14 16:29:03.531  INFO 20652 --- [main] o.apache.catalina.core.StandardService   : Starting service [Tomcat]
2019-10-14 16:29:03.532  INFO 20652 --- [main] org.apache.catalina.core.StandardEngine  : Starting Servlet engine: [Apache Tomcat/9.0.26]
2019-10-14 16:29:03.733  INFO 20652 --- [main] o.a.c.c.C.[Tomcat].[localhost].[/]       : Initializing Spring embedded WebApplicationContext
2019-10-14 16:29:03.734  INFO 20652 --- [main] o.s.web.context.ContextLoader            : Root WebApplicationContext: initialization completed in 1859 ms
2019-10-14 16:29:03.930  INFO 20652 --- [main] com.zaxxer.hikari.HikariDataSource       : HikariPool-1 - Starting...
2019-10-14 16:29:04.873  INFO 20652 --- [main] com.zaxxer.hikari.HikariDataSource       : HikariPool-1 - Start completed.
2019-10-14 16:29:06.395  INFO 20652 --- [main] j.LocalContainerEntityManagerFactoryBean : Initialized JPA EntityManagerFactory for persistence unit 'default'
2019-10-14 16:29:07.028  INFO 20652 --- [main] o.s.s.concurrent.ThreadPoolTaskExecutor  : Initializing ExecutorService 'applicationTaskExecutor'
2019-10-14 16:29:07.098  WARN 20652 --- [main] aWebConfiguration$JpaWebMvcConfiguration : spring.jpa.open-in-view is enabled by default. Therefore, database queries may be performed during view rendering. Explicitly configure spring.jpa.open-in-view to disable this warning
2019-10-14 16:29:07.487  INFO 20652 --- [main] o.s.b.w.embedded.tomcat.TomcatWebServer  : Tomcat started on port(s): 8085 (http) with context path ''
2019-10-14 16:29:07.494  INFO 20652 --- [main] c.a.t.g.GtAssessmentApplication          : Started GtAssessmentApplication in 6.01 seconds (JVM running for 6.927)
